0 silly argv {
0 silly argv   _: [ 'run' ],
0 silly argv   lernaVersion: '4.0.0',
0 silly argv   '$0': '/Users/fair/Projects/token-minting-app/node_modules/.bin/lerna',
0 silly argv   script: 'test'
0 silly argv }
1 notice cli v4.0.0
2 verbose rootPath /Users/fair/Projects/token-minting-app
3 error JSONError: Unexpected token "/" (0x2F) in JSON at position 576 while parsing near "...scripts build\",\n    // \"test\": \"react-sc..." in packages/frontend/package.json
3 error
3 error [0m [90m 20 |[39m     [32m"start"[39m[33m:[39m [32m"react-scripts start"[39m[33m,[39m[0m
3 error [0m [90m 21 |[39m     [32m"build"[39m[33m:[39m [32m"react-scripts build"[39m[33m,[39m[0m
3 error [0m[31m[1m>[22m[39m[90m 22 |[39m     [90m// "test": "react-scripts test",[39m[0m
3 error [0m [90m    |[39m     [31m[1m^[22m[39m[0m
3 error [0m [90m 23 |[39m     [32m"test"[39m[33m:[39m [32m"echo React App"[39m[33m,[39m[0m
3 error [0m [90m 24 |[39m     [32m"eject"[39m[33m:[39m [32m"react-scripts eject"[39m[0m
3 error [0m [90m 25 |[39m   }[33m,[39m[0m
3 error
3 error     at parseJson (/Users/fair/Projects/token-minting-app/node_modules/parse-json/index.js:29:21)
3 error     at parse (/Users/fair/Projects/token-minting-app/node_modules/load-json-file/index.js:15:9)
3 error     at module.exports (/Users/fair/Projects/token-minting-app/node_modules/load-json-file/index.js:18:47)
